<?xml version="1.0" encoding="UTF-8"?>
<!-- Generated by org.testng.reporters.JUnitReportReporter -->
<testsuite hostname="Deepak" failures="0" tests="1" name="testRunner.TestRunner" time="0.128" errors="1" timestamp="2025-02-10T15:49:52 IST" skipped="0">
  <testcase classname="testRunner.TestRunner" name="setUpClass" time="0.128">
    <error message="class io.cucumber.core.options.RuntimeOptions cannot be cast to class io.cucumber.core.eventbus.Options (io.cucumber.core.options.RuntimeOptions and io.cucumber.core.eventbus.Options are in unnamed module of loader &#039;app&#039;)" type="java.lang.ClassCastException">
      <![CDATA[java.lang.ClassCastException: class io.cucumber.core.options.RuntimeOptions cannot be cast to class io.cucumber.core.eventbus.Options (io.cucumber.core.options.RuntimeOptions and io.cucumber.core.eventbus.Options are in unnamed module of loader 'app')
at io.cucumber.core.runtime.UuidGeneratorServiceLoader.<init>(UuidGeneratorServiceLoader.java:38)
at io.cucumber.testng.TestNGCucumberRunner.<init>(TestNGCucumberRunner.java:102)
at io.cucumber.testng.AbstractTestNGCucumberTests.setUpClass(AbstractTestNGCucumberTests.java:27)
at java.base/jdk.internal.reflect.DirectMethodHandleAccessor.invoke(DirectMethodHandleAccessor.java:103)
at java.base/java.lang.reflect.Method.invoke(Method.java:580)
at org.testng.internal.MethodInvocationHelper.invokeMethod(MethodInvocationHelper.java:133)
at org.testng.internal.MethodInvocationHelper.invokeMethodConsideringTimeout(MethodInvocationHelper.java:62)
at org.testng.internal.ConfigInvoker.invokeConfigurationMethod(ConfigInvoker.java:385)
at org.testng.internal.ConfigInvoker.invokeConfigurations(ConfigInvoker.java:321)
at org.testng.internal.TestMethodWorker.invokeBeforeClassMethods(TestMethodWorker.java:176)
at org.testng.internal.TestMethodWorker.run(TestMethodWorker.java:122)
at java.base/java.util.ArrayList.forEach(ArrayList.java:1596)
at org.testng.TestRunner.privateRun(TestRunner.java:794)
at org.testng.TestRunner.run(TestRunner.java:596)
at org.testng.SuiteRunner.runTest(SuiteRunner.java:377)
at org.testng.SuiteRunner.runSequentially(SuiteRunner.java:371)
at org.testng.SuiteRunner.privateRun(SuiteRunner.java:332)
at org.testng.SuiteRunner.run(SuiteRunner.java:276)
at org.testng.SuiteRunnerWorker.runSuite(SuiteRunnerWorker.java:53)
at org.testng.SuiteRunnerWorker.run(SuiteRunnerWorker.java:96)
at org.testng.TestNG.runSuitesSequentially(TestNG.java:1212)
at org.testng.TestNG.runSuitesLocally(TestNG.java:1134)
at org.testng.TestNG.runSuites(TestNG.java:1063)
at org.testng.TestNG.run(TestNG.java:1031)
at org.testng.remote.AbstractRemoteTestNG.run(AbstractRemoteTestNG.java:115)
at org.testng.remote.RemoteTestNG.initAndRun(RemoteTestNG.java:293)
at org.testng.remote.RemoteTestNG.main(RemoteTestNG.java:91)
]]>
    </error>
  </testcase> <!-- setUpClass -->
  <system-out/>
</testsuite> <!-- testRunner.TestRunner -->
